<?xml version="1.0" encoding="UTF-8"?>
<testsuite name="addressbook.AddressBookTest" tests="1" skipped="0" failures="0" errors="0" timestamp="2020-05-28T14:27:46" hostname="LAPTOP-U0R5V4IK" time="0.005">
  <properties/>
  <testcase name="givenPersonDetails_WhenRemovedFromAddressBook_ShouldReturnCorrectSize" classname="addressbook.AddressBookTest" time="0.005"/>
  <system-out><![CDATA[]]></system-out>
  <system-err><![CDATA[]]></system-err>
</testsuite>
