<?xml version="1.0" encoding="UTF-8"?>
<testsuite name="addressbook.AddressBookTest" tests="1" skipped="0" failures="0" errors="0" timestamp="2020-05-29T06:34:52" hostname="LAPTOP-U0R5V4IK" time="0.002">
  <properties/>
  <testcase name="givenPersonsDetails_whenDetailsEdited_shouldNotReturnPastValues" classname="addressbook.AddressBookTest" time="0.002"/>
  <system-out><![CDATA[]]></system-out>
  <system-err><![CDATA[]]></system-err>
</testsuite>
