<?xml version="1.0" encoding="UTF-8"?>
<testsuite name="addressbook.AddressBookTest" tests="1" skipped="0" failures="0" errors="0" timestamp="2020-05-30T06:29:38" hostname="LAPTOP-U0R5V4IK" time="0.009">
  <properties/>
  <testcase name="givenPersonsDetails_whenSortedByFirstName_shouldReturnDataInSortedOrder" classname="addressbook.AddressBookTest" time="0.009"/>
  <system-out><![CDATA[]]></system-out>
  <system-err><![CDATA[]]></system-err>
</testsuite>
