<?xml version="1.0" encoding="UTF-8"?>
<testsuite name="addressbook.PersonTest" tests="3" skipped="0" failures="0" errors="0" timestamp="2020-05-28T13:01:13" hostname="LAPTOP-U0R5V4IK" time="0.009">
  <properties/>
  <testcase name="givenPersonDetails_ShouldReturnFirstName" classname="addressbook.PersonTest" time="0.004"/>
  <testcase name="givenPersonDetails_ShouldReturnState" classname="addressbook.PersonTest" time="0.0"/>
  <testcase name="givenPersonDeatails_ShouldReturnZip" classname="addressbook.PersonTest" time="0.002"/>
  <system-out><![CDATA[]]></system-out>
  <system-err><![CDATA[]]></system-err>
</testsuite>
