<?xml version="1.0" encoding="UTF-8"?>
<testsuite name="addressbook.AddressBookTest" tests="4" skipped="0" failures="0" errors="0" timestamp="2020-05-28T17:40:41" hostname="LAPTOP-U0R5V4IK" time="0.012">
  <properties/>
  <testcase name="givenPersonsDetailsSearchedByName_whenFound_shouldReturnTrue" classname="addressbook.AddressBookTest" time="0.005"/>
  <testcase name="givenPersonDetails_WhenRemovedFromAddressBook_ShouldReturnCorrectSize" classname="addressbook.AddressBookTest" time="0.001"/>
  <testcase name="givenPersonDetails_WhenAddedToAddressBook_ShouldReturnCorrectSize" classname="addressbook.AddressBookTest" time="0.0"/>
  <testcase name="givenPersonsDetailsSearchedName_whenNotFound_shouldReturnFalse" classname="addressbook.AddressBookTest" time="0.001"/>
  <system-out><![CDATA[]]></system-out>
  <system-err><![CDATA[]]></system-err>
</testsuite>
