<?xml version="1.0" encoding="UTF-8"?>
<testsuite name="addressbook.AddressBookTest" tests="7" skipped="0" failures="0" errors="0" timestamp="2020-05-29T05:39:03" hostname="LAPTOP-U0R5V4IK" time="0.015">
  <properties/>
  <testcase name="givenPersonDetails_WhenRemovedFromAddressBook_ShouldReturnCorrectSize" classname="addressbook.AddressBookTest" time="0.003"/>
  <testcase name="givenPersonsDetailsSearchedByNumber_whenFound_shouldReturnTrue" classname="addressbook.AddressBookTest" time="0.003"/>
  <testcase name="givenPersonDetails_whenSameMobileNumberGivenByOtherPerson_shouldThrowAnException" classname="addressbook.AddressBookTest" time="0.003"/>
  <testcase name="givenPersonDetailsWithAllEmptyFields_shouldReturnException" classname="addressbook.AddressBookTest" time="0.0"/>
  <testcase name="givenPersonDetails_WhenAddedToAddressBook_ShouldReturnCorrectSize" classname="addressbook.AddressBookTest" time="0.001"/>
  <testcase name="givenPersonsDetailsSearchedByName_whenNotFound_shouldReturnFalse" classname="addressbook.AddressBookTest" time="0.001"/>
  <testcase name="givenPersonDetailsWithOneEmptyField_shouldReturnException" classname="addressbook.AddressBookTest" time="0.0"/>
  <system-out><![CDATA[]]></system-out>
  <system-err><![CDATA[]]></system-err>
</testsuite>
